000 (65690.011.000) 07/02 10:41:14 Job submitted from host: <131.225.190.20:57247>
...
001 (65690.011.000) 07/02 10:42:29 Job executing on host: <131.225.189.225:48669>
...
006 (65690.011.000) 07/02 10:42:37 Image size of job updated: 83108
	12  -  MemoryUsage of job (MB)
	12036  -  ResidentSetSize of job (KB)
...
005 (65690.011.000) 07/02 10:42:37 Job terminated.
	(1) Normal termination (return value 1)
		Usr 0 00:00:00, Sys 0 00:00:00  -  Run Remote Usage
		Usr 0 00:00:00, Sys 0 00:00:00  -  Run Local Usage
		Usr 0 00:00:00, Sys 0 00:00:00  -  Total Remote Usage
		Usr 0 00:00:00, Sys 0 00:00:00  -  Total Local Usage
	21253  -  Run Bytes Sent By Job
	12096185  -  Run Bytes Received By Job
	21253  -  Total Bytes Sent By Job
	12096185  -  Total Bytes Received By Job
	Partitionable Resources :    Usage  Request Allocated
	   Cpus                 :                 1         1
	   Disk (KB)            :    25106    12500  35681492
	   Memory (MB)          :       12     2000      2000
...
