000 (65690.004.000) 07/02 10:41:14 Job submitted from host: <131.225.190.20:57247>
...
001 (65690.004.000) 07/02 10:41:54 Job executing on host: <131.225.189.203:53583>
...
006 (65690.004.000) 07/02 10:42:03 Image size of job updated: 75912
	12  -  MemoryUsage of job (MB)
	12024  -  ResidentSetSize of job (KB)
...
006 (65690.004.000) 07/02 10:42:42 Image size of job updated: 106564
	12  -  MemoryUsage of job (MB)
	12024  -  ResidentSetSize of job (KB)
...
005 (65690.004.000) 07/02 10:42:42 Job terminated.
	(1) Normal termination (return value 0)
		Usr 0 00:00:29, Sys 0 00:00:00  -  Run Remote Usage
		Usr 0 00:00:00, Sys 0 00:00:00  -  Run Local Usage
		Usr 0 00:00:29, Sys 0 00:00:00  -  Total Remote Usage
		Usr 0 00:00:00, Sys 0 00:00:00  -  Total Local Usage
	81257  -  Run Bytes Sent By Job
	12096185  -  Run Bytes Received By Job
	81257  -  Total Bytes Sent By Job
	12096185  -  Total Bytes Received By Job
	Partitionable Resources :    Usage  Request Allocated
	   Cpus                 :                 1         1
	   Disk (KB)            :    59065    12500  35662190
	   Memory (MB)          :       12     2000      2000
...
